$Version=2$
mailing_report "system/report"
    {
    // Greg Beeley / LightSys - 26-Sep-2011
    //
    // This report prints a list of partners, given several possible criteria.
    //
    // Information Presented:
    //   - Partner ID
    //   - Partner Name (organization and/or first/last)
    //   - Partner Address/City/State/Zip
    //   - No Mail / No Solicit Flag
    //
    // Report Criteria:
    //   - States/Provinces to include
    //   - States/Provinces to exclude
    //   - Mailing List(s) to include
    //
    // Other Report Options:
    //   - Create Mailing List (list ID, list description, list type)
    //
    title = "Mailing CSV Report";
    document_format="text/csv";
    resolution = 300;
    pagewidth=85;
    pageheight=66;
    marginleft=2.0;
    marginright=2.0;
    margintop=3;
    marginbottom=3;
    require_endorsements = "system:from_application";
    filename=runserver("mailing-report-" + :this:session_id + "-" + dateformat(getdate(), "yyyy-MMM-dd") + ".csv");

    // Report Parameters
    only_okmail "report/parameter" { type=integer; default=1; }
    only_oksolicit "report/parameter" { type=integer; default=1; }
    cntry_fmt "report/parameter" { type=string; default='full'; }
    stage_id "report/parameter" { type=integer; default=null; }
    session_id "report/parameter" { type=integer; default=null; }

    // Query to get site information
    site_qy "report/query"
	{
	sql = "	SELECT
			*
		FROM
			OBJECT /apps/kardia/data/Site.struct
		";
	}

    // Main  query
    partners_qy "report/query"
	{
	sql = runserver("
		DECLARE COLLECTION advsearch SCOPE APPLICATION;

		SELECT
			:p:p_partner_key,
			disp_name = condition(char_length(rtrim(:p:p_org_name)) > 0, :p:p_org_name, :p:p_given_name + ' ' + :p:p_surname),
			:p:p_org_name,
			:p:p_surname,
			:p:p_given_name,
			:p:p_title,
			:p:p_suffix,
			:p:p_no_mail,
			nomail_reason = (select :text from /apps/kardia/data/Kardia_DB/_p_nomail_reason/rows nmr where :nmr:tag = :p:p_no_mail_reason),
			:p:p_no_solicitations,
			:p:p_status_code,
			:pl:p_in_care_of,
			:pl:p_address_1,
			:pl:p_address_2,
			:pl:p_address_3,
			:pl:p_city,
			:pl:p_state_province,
			:pl:p_postal_code,
			:pl:p_country_code,
			lists=(select isnull(sum(:ml:m_list_code + ',') - ',', '') from /apps/kardia/data/Kardia_DB/m_list_membership/rows ml, /apps/kardia/data/Kardia_DB/m_list/rows l where :ml:p_partner_key = :p:p_partner_key and :l:m_list_code = :ml:m_list_code and :ml:m_membership_status = 'A' and :l:m_list_status = 'A'),
			p_iso3166_2_code = isnull(:c:p_iso3166_2_code,''),
			p_iso3166_3_code = isnull(:c:p_iso3166_3_code,''),
			p_fips_code = isnull(:c:p_fips_code,''),
			p_country_name = isnull(:c:p_country_name,''),
			allemail = (select sum(:p_contact_data + ',') - ',' from /apps/kardia/data/Kardia_DB/p_contact_info/rows ci where :ci:p_partner_key = :p:p_partner_key and :ci:p_record_status_code == 'A' and :ci:p_contact_type == 'E')
		FROM
			/apps/kardia/data/Kardia_DB/p_location/rows pl,
			/apps/kardia/data/Kardia_DB/p_partner/rows p,
			/apps/kardia/data/Kardia_DB/p_country/rows c,
			identity collection advsearch sr
		WHERE
			:p:p_partner_key = :pl:p_partner_key and
			:c:p_country_code =* :pl:p_country_code and
			:pl:p_revision_id = 0 and
			:p:p_partner_key = :sr:p_partner_key and
			:sr:p_search_session_id = :this:session_id and
			:sr:p_search_stage_id = :this:stage_id
		GROUP BY
			:sr:p_partner_key
		HAVING
			" + condition(:this:only_okmail, ":p_no_mail = 0 and ", "") + "
			" + condition(:this:only_oksolicit, ":p_no_solicitations = 0 and ", "") + "
			1 = 1
		");
			// " + condition(:this:only_postal, " and isnull(:ml:m_delivery_method, 'M') = 'M' ", "") + "
	// FIXME - collision between report 'this' and having clause 'this' means
	// we had to use programmatic sql building above instead of normal params.
	}

    // Main body of the report.
    main_form "report/form"
	{
	moneyformat = "-###,###,##0.00";
	dateformat = "dd-MMM-yyyy";

	source = site_qy;

	hdrimg "report/image"
	    {
	    x=67.85;y=0;
	    height=4;
	    //width=runserver(4.0 * :site_qy:site_report_logo_width / :site_qy:site_report_logo_height);
	    width = 12.15;
	    //height=12.15 * /apps/kardia/data/Site.struct:site_report_logo_height / /apps/kardia/data/Site.struct:site_report_logo_width;
	    source = /apps/kardia/data/Site.struct:site_report_logo;
	    }

	rpt_title "report/area"
	    {
	    x=0; y=0; width=80; height=4;
	    font=helvetica;
	    align=left;
	    t_d0 "report/data" { fontsize=15; style=bold; value = runserver("Mailings Report\n"); }
	    t_d8 "report/data" { condition=runserver(:this:only_oksolicit);
			fontsize=10; value = runserver("Only Partners Permitting Appeals.\n"); }
	    t_d9 "report/data" { condition=runserver(:this:only_okmail);
			fontsize=10; value = runserver("Only Mailable Addresses.\n"); }
	    t_d14 "report/data" { fontsize=8; value = runserver("Printed by: " + user_name() + " on " + getdate() + "\n"); dateformat="dd-MMM-yyyy hh:mm:ss"; }
	    }

	partners_table "report/table"
	    {
	    x=0; width=80; height=0;
	    columns=19;
	    widths=4,4,4,4,7,7,7,4,4,7,7,7,7,4,4,4,4,4,9;
	    colsep=0.4;
	    nullformat="";
	    moneyformat = "-###,###,##0.00";
	    dateformat = "dd-MMM-yyyy";
	    bottomborder=0.3;
	    margintop=0;
	    source=partners_qy;

	    hdr "report/table-row"
		{
		header = yes;
		font=helvetica;
		fontsize=8;
		topborder=0.3;
		bottomborder=0.05;

		tg_id "report/table-cell" { value='Partner #'; align=center; }
		tg_nomail "report/table-cell" { value='NO MAIL'; align=center; }
		tg_nomailreason "report/table-cell" { value='REASON'; align=center; }
		tg_nosol "report/table-cell" { value='NO SOL.'; align=center; }
		tg_orgname "report/table-cell" { value='Org Name'; align=center; }
		tg_surname "report/table-cell" { value='Surname'; align=center; }
		tg_givenname "report/table-cell" { value='Given Name(s)'; align=center; }
		tg_title "report/table-cell" { value='Title'; align=center; }
		tg_suffix "report/table-cell" { value='Suffix'; align=center; }
		tg_ico "report/table-cell" { value='Care/Of'; align=center; }
		tg_addr1 "report/table-cell" { value='Address 1'; align=center; }
		tg_addr2 "report/table-cell" { value='Address 2'; align=center; }
		tg_addr3 "report/table-cell" { value='Address 3'; align=center; }
		tg_city "report/table-cell" { value='City'; align=center; }
		tg_state "report/table-cell" { value='St/Prov'; align=center; }
		tg_postal "report/table-cell" { value='Postal/Zip'; align=center; }
		tg_country "report/table-cell" { value='Country'; align=center; }
		tg_list "report/table-cell" { value='Lists'; align=center; }
		tg_email "report/table-cell" { value='Email(s)'; align=center; }
		}

	    one_partner "report/table-row"
		{
		allowbreak=no;
		fontsize=9;
		font=helvetica;
		margintop = 0.1;

		d_id "report/table-cell" { value=runserver(:partners_qy:p_partner_key); }
		d_nomail "report/table-cell" { value=runserver(:partners_qy:p_no_mail); }
		d_nomailreason "report/table-cell" { value=runserver(:partners_qy:nomail_reason); }
		d_nosol "report/table-cell" { value=runserver(:partners_qy:p_no_solicitations); }
		d_orgname "report/table-cell" { value=runserver(:partners_qy:p_org_name); }
		d_surname "report/table-cell" { value=runserver(:partners_qy:p_surname); }
		d_givenname "report/table-cell" { value=runserver(:partners_qy:p_given_name); }
		d_title "report/table-cell" { value=runserver(:partners_qy:p_title); }
		d_suffix "report/table-cell" { value=runserver(:partners_qy:p_suffix); }
		d_ico "report/table-cell" { value=runserver(:partners_qy:p_in_care_of); }
		d_addr1 "report/table-cell" { value=runserver(:partners_qy:p_address_1); }
		d_addr2 "report/table-cell" { value=runserver(:partners_qy:p_address_2); }
		d_addr3 "report/table-cell" { value=runserver(:partners_qy:p_address_3); }
		d_city "report/table-cell" { value=runserver(:partners_qy:p_city); }
		d_state "report/table-cell" { value=runserver(:partners_qy:p_state_province); }
		d_postal "report/table-cell" { value=runserver(:partners_qy:p_postal_code); }
		d_country "report/table-cell" { value=runserver(condition(:this:cntry_fmt = 'full', :partners_qy:p_country_name, condition(:this:cntry_fmt = 'kardia', :partners_qy:p_country_code, condition(:this:cntry_fmt = 'fips10', :partners_qy:p_fips_code, condition(:this:cntry_fmt = 'iso_alpha2', :partners_qy:p_iso3166_2_code, condition(:this:cntry_fmt = 'iso_alpha3', :partners_qy:p_iso3166_3_code, '')))))); }
		d_last "report/table-cell" { value=runserver(:partners_qy:lists); }
		d_email "report/table-cell" { value=runserver(:partners_qy:allemail); }
		}
	    }
	}
    }

