$Version=2$
timeline_svg "system/report"
    {
    document_format="text/plain";
    content_type="image/svg+xml";
    pagewidth=255;
    pageheight=255;
    marginleft=0;
    marginright=0;
    margintop=0;
    marginbottom=0;
    text_pagebreak = no;

    // Partner ID
    partner "report/parameter" { type=string; allowchars="0123456789ABCDEFGHIJKLMNOPQRSTUVWXYZabcdefghijklmnopqrstuvwxyz"; default=""; }
    cclist "report/parameter" { type=string; allowchars="0123456789ABCDEFGHIJKLMNOPQRSTUVWXYZabcdefghijklmnopqrstuvwxyz.,:-"; default=""; }

    // First and last dates for events
    first_last_qy "report/query"
	{
	sql = runserver("select first_date=min(:e_activity_date), last_date=max(:e_activity_date) from '/apps/kardia/modules/crm/timeline.qy?partner_key=" + :this:partner + "&my_cclist=" + :this:cclist + "'");
	}

    // Optimum date block interval
    interval_qy "report/query"
	{
	sql = "select range = datediff(year,:first_last_qy:first_date,getdate()) + 1, interval = condition((datediff(year,:first_last_qy:first_date,getdate()) + 1) / 10 > 0, (datediff(year,:first_last_qy:first_date,getdate()) + 1) / 9, 1)";
	}

    // Date bars
    datebar_qy "report/query"
	{
	// A dummy source just to nab N records
	sql = runserver("select :name from /apps/kardia/modules/base limit " + :interval_qy:range);
	}

    main_form "report/form"
	{
	source=first_last_qy,interval_qy;

	// SVG header
	hdr "report/area"
	    {
	    x=0; y=0; width=255; height=0;
	    value=runserver('<?xml version="1.0" standalone="no"?>\n<!DOCTYPE svg PUBLIC "-//W3C//DTD SVG 1.1//EN" "http://www.w3.org/Graphics/SVG/1.1/DTD/svg11.dtd">\n<svg width="450px" height="32px" viewBox="0 0 450px 32px" xmlns="http://www.w3.org/2000/svg" version="1.1">\n');
	    }

	datebars_begin "report/area"
	    {
	    width=255; height=0;
	    value=runserver('<g stroke="rgb(224,224,224)" shape-rendering="crispEdges">\n');
	    //value=runserver('<g stroke="rgb(224,224,224)">\n');
	    }

	datebar_form "report/form"
	    {
	    source=datebar_qy;

	    one_datebar "report/area"
		{
		width=255; height=0;
		value=runserver('<line x1="' + (449 - :datebar_qy:cx__rowid * (450 / :interval_qy:range)) + 'px" y1="0" x2="' + (449 - :datebar_qy:cx__rowid * (450 / :interval_qy:range)) + 'px" y2="31px" stroke-width="1px"' +  condition(((:datebar_qy:cx__rowid) / :interval_qy:interval) * :interval_qy:interval == :datebar_qy:cx__rowid, '', ' stroke-dasharray="1,3"') + '/>\n');
		}
	    }

	datebars_end "report/area"
	    {
	    width=255; height=0;
	    value=runserver('</g>\n');
	    }

	datelabels_begin "report/area" { width=255; height=0; value=runserver('<g fill="#334466">\n'); }

	datelabels "report/form"
	    {
	    source=datebar_qy;

	    one_label "report/area"
		{
		width=255; height=0;
		condition=runserver(((:datebar_qy:cx__rowid) / :interval_qy:interval) * :interval_qy:interval == :datebar_qy:cx__rowid);
		value=runserver('<text x="' + (449 - :datebar_qy:cx__rowid * (450 / :interval_qy:range) + 2) + 'px" y="31px" font-family="Arial,Helvetica,Sans-serif" font-size="9">' + (datepart(year,getdate()) - :datebar_qy:cx__rowid) + '</text>\n');
		}
	    }

	datelabels_end "report/area" { width=255; height=0; value=runserver('</g>\n'); }

	ftr "report/area"
	    {
	    width=255; height=0;
	    value=runserver('</svg>\n');
	    }
	}
    }
