$Version=2$

// Prints the Details for One Check...
// arbor70
// Kardia
// July 2009
//
// CHANGES
// 20111025: Uses Country Specific formatting (substitute function)

// DONE: new units try (Experimental Feature)

// Table of Contents
// 1. Parameters
// 2. Queries
// 3. Report Display

// DONE: Voided checks...
// TODO: BATCH parameter include....
// TODO: Checks with line items above 22 line items... (Feature Add...)

// ~ TODO: INPUT Parameter: OneCheckReport -or- BatchofChecksReport ?
// ~ TODO: INPUT Parameters: with Update Check Numbers? (Y/N)   Start Check Number
// ~ TODO: INPUT Parameter: Display Voided Checks? Parameter


// p_partner - Check Payee (Display Name) defaults to :org_name except when it is null, in which case it uses given_name + ' ' + surname


check_report "system/report"
{
	title = "Check";
	document_format = "application/pdf";
    resolution = 100;
	//pagewidth = 215.9;		// QUESTION: what measurement system is this? ANSWER: "US Forms" units
	//pageheight = 279.4;
	marginleft=1;
	marginright=.01;
	margintop=.01;
	marginbottom=1;
	units="millimeters";
	// TO DOCUMENT: units attribute  osdriver/osdriver_report_v3.c [Line 3382]
	// TO DOCUMENT: Different Units Available in Reports  report/prtmgmt_v3main.c [Line 482]
	// TO DOCUMENT: Default US Form Units  report/prtmgmt_v3main.c  [Line 110]
	
	// Parameters for this Check Report
	ledger "report/parameter" { type=string; default=null; }
	batch_number "report/parameter" { type=integer; default=null; }
	new_check_number "report/parameter" { type=integer; default=null; }
	disbursement_id "report/parameter" { type=integer; default=null; }	// If changing check numbers
	
	///////////////////////////////////////////
	
	// QUERIES SECTION START
	
	
	// Load a_subtrx_cashdisb table to get needed information
	// Resources
	// 1. database table schema
	// Steps
	// 1. Identify queries in cashdisb.cmp
	// 2. Identify examples in other reports for similar things to display...
	
	
	//check_summary_qy "report/query"
	check_ttl "report/query"
	{
		sql = 
		  runserver("
		  
		SELECT 
			check_total = isnull( sum( :t:a_amount ), $0.00),
			check_total_wordify = wordify(isnull( sum( :t:a_amount ), $0.00))
		FROM 
			/apps/kardia/data/Kardia_DB/a_subtrx_cashdisb/rows t
		WHERE
			:t:a_ledger_number = :this:ledger and
			:t:a_batch_number = :this:batch_number and
			:t:a_disbursement_id = :this:disbursement_id"  );
			
			//:t:a_batch_number = :this:batch_number and
			
	} // END - check_ttl "report/query"
	
	
	check_one_row_qy "report/query"
	{
		sql = "
		SET ROWCOUNT 1
		SELECT 
			:t:a_ledger_number,
			:t:a_batch_number,
			:t:a_disbursement_id,
			:t:a_line_item,
			:t:a_period,
			:t:a_effective_date,
			:t:a_cash_account_code,
			:t:a_amount,
			:t:a_cost_center,
			:t:a_account_code,
			:t:a_payee_partner_key,
			:t:a_check_number,
			:t:a_posted,
			:t:a_posted_to_gl,
			:t:a_voided,
			:t:a_comment,
			:t:s_date_created,
			:t:s_created_by,
			:t:s_date_modified,
			:t:s_modified_by
		FROM 
			/apps/kardia/data/Kardia_DB/a_subtrx_cashdisb/rows t
		WHERE
			:t:a_ledger_number = :this:ledger and
			:t:a_batch_number = :this:batch_number and
			:t:a_disbursement_id = :this:disbursement_id";
			
			//:t:a_batch_number = :this:batch_number and
			
	} // END - check_one_row_qy "report/query"
	
	
	check_qy "report/query"
	{
		sql = "
		SELECT 
			:t:a_ledger_number,
			:t:a_batch_number,
			:t:a_disbursement_id,
			:t:a_line_item,
			:t:a_period,
			:t:a_effective_date,
			:t:a_cash_account_code,
			:t:a_amount,
			:t:a_cost_center,
			:t:a_account_code,
			:t:a_payee_partner_key,
			:t:a_check_number,
			:t:a_posted,
			:t:a_posted_to_gl,
			:t:a_voided,
			:t:a_comment,
			:t:s_date_created,
			:t:s_created_by,
			:t:s_date_modified,
			:t:s_modified_by 
		FROM 
			/apps/kardia/data/Kardia_DB/a_subtrx_cashdisb/rows t
		WHERE
			:t:a_ledger_number = :this:ledger and
			:t:a_batch_number = :this:batch_number and
			:t:a_disbursement_id = :this:disbursement_id";
			
			//:t:a_batch_number = :this:batch_number and
			
	} // END - check_qy "report/query"
	
	// TODO: Globalization
	payee_qy "report/query"
	{
		sql = runserver("SELECT
			:p:p_partner_key,
			:p:p_partner_class,
			:p:p_given_name,
			:p:p_surname,
			:p:p_org_name,
			:l:p_in_care_of,
			:l:p_address_1,
			:l:p_address_2,
			:l:p_address_3,
			:l:p_city,
			:l:p_state_province,
			:l:p_postal_code,
			:l:p_country_code,
			p_country_name = upper(:c:p_country_name),
			:af:p_format,
			display_name = condition( convert(string, char_length(ltrim(rtrim(isnull(:p:p_org_name, ''))))) == 0, :p:p_given_name + ' ' + :p:p_surname, :p:p_org_name)
					
		FROM
			/apps/kardia/data/Kardia_DB/p_partner/rows p,
			/apps/kardia/data/Kardia_DB/p_location/rows l,
			/apps/kardia/data/Kardia_DB/p_country/rows c,
			/apps/kardia/data/Kardia_DB/p_address_format/rows af
		WHERE
			:p:p_partner_key = :check_one_row_qy:a_payee_partner_key AND
			:l:p_revision_id = 0 and
			:l:p_partner_key =* :p:p_partner_key and
			:c:p_country_code =* :l:p_country_code and
			:af:p_country_code =* :c:p_country_code and
			:af:p_address_set = 'STANDARD'
			");
		
	} // END - payee_qy "report/query"
	
	acct_cc_name_qy "report/query"
	{
		sql = runserver("SELECT
			cost_center_description = :c:a_cc_desc,
			account_description = :a:a_acct_desc
		FROM
			/apps/kardia/data/Kardia_DB/a_cost_center/rows c,
			/apps/kardia/data/Kardia_DB/a_account/rows a
		WHERE
			:c:a_ledger_number = :check_qy:a_ledger_number and
			:c:a_cost_center = :check_qy:a_cost_center and
			:c:a_ledger_number = :a:a_ledger_number and
			:a:a_account_code = :check_qy:a_account_code
			");
	} // END - acct_cc_name_qy "report/query"
	
		
	// } // END - payee_qy "report/query"
	
	// Determine the Payee Number for the given check # (and display)
	// Determine the Payee Name from the given Payee Number (and display)
	
	// Query Information supports information for the report below
	
	// SET CHECK NUMBER
	set_check_number_qy "report/query"
	{
		sql = runclient("UPDATE /apps/kardia/data/Kardia_DB/a_subtrx_cashdisb/rows
						 SET	:a_check_number = convert(string, :this:new_check_number)
						 WHERE	:a_ledger_number = :this:ledger and
								:a_batch_number = :this:batch_number and
								:a_disbursement_id = :this:disbursement_id");
	}
	
	// QUERY SECTION END
	
	///////////////////////////////////////////
	
	// REPORT
	cr_debugging "report/area"
	{
		condition = runserver((:this:ledger is null) or (:this:batch_number is null) or (:this:disbursement_id is null));
		height=4; width=80;
		align=left;
		fontsize=12;
		font = times;
		db_title "report/data" { fontsize=24;value="Debugging Information\n"; }
		db_inputParams "report/data" { fontsize=16;value="Input Parameters\n"; }
		db_ledger "report/data" { value=runserver("ledger = " + isnull(:this:ledger, "<blank>") + "\n"); } // Works!  woo hoo!
		db_batch_number_param "report/data" { value=runserver("batch_number = " + isnull(:this:batch_number, "<blank>") + "\n"); }
		db_check_number_param "report/data" { value=runserver("new_check_number = " + isnull(:this:new_check_number, "<blank>") + "\n"); }
		db_check_number_param2 "report/data" { value=runserver("disbursement_id = " + isnull(:this:disbursement_id, "<blank>") + "\n"); }
		
	} // END - cr_debugging "report/area"
	
	// cr_error_msgs "report/area"
	// {
		// height=4; width=80;
		// align=left;
		// fontsize=12;
		// font = times;
		// check_number_zero "report/data"
		// { 
			// condition = runserver((:this:check_number == '0'));
			// value = "The check number can not be set to zero\n";
		// }
		// check_number_negative "report/data"
		// { 
			// condition = runserver((:this:check_number < '0'));
			// value = "The check number can not be set to a negative number\n";
		// }
	// }
	
	// NUMBER CHECK FORM
	
	// Update the check number if the check number is set...
	set_check_number_form "report/form"
	{
		condition = runserver(not (:this:new_check_number is null) and (:this:new_check_number > 0) and not (:this:disbursement_id is null));
		source=set_check_number_qy;
	}
	
	// CHECK REPORT START
	
	my_form "report/form"
	{
		source = check_one_row_qy,payee_qy;
		cr_display_check_total_top_portion "report/area"
		{
			x=12;
			y=0.1;
		
			height=4; width=80;
			align=left;
			fontsize=10;
			font = times;

			partner_eff_date_db "report/data" { xpos=58; ypos=4.5; dateformat="MM/dd/yyyy"; value=runserver(isnull(:check_one_row_qy:a_effective_date, getdate())); }
			partner_display_name_db "report/data" { xpos=0; ypos=7.75; value=runserver(isnull(:payee_qy:display_name, "<blank>")); }
			crhb_void_output "report/data" { condition=runserver(:check_one_row_qy:a_voided=1); xpos=18; ypos=12; fontsize=36; value="VOID"; }
			partner_mail_to_db "report/data" { xpos=0; ypos=14; value=runserver(:payee_qy:display_name + '\n' + substitute(isnull(:payee_qy:p_format, '[:p_in_care_of]\n[:p_address_1]\n[:p_address_2]\n[:p_address_3]\n[:p_city], [:p_state_province] [:p_postal_code]\n[:p_country_name]'), 'l=payee_qy,p=payee_qy')); }
		}
	} // END - my_form "report/form"
	
	// REPORT DISPLAY
	my_form2 "report/form"
	{
		source = check_ttl;
	
		// Check Total
		cr_debugging5 "report/area"
		{
		x=2;
		y=0.1;
			height=4; width=80;
			align=left;
			fontsize=10;
			font = times;
			check_ttl_display_db "report/data" { xpos=68; ypos=7.5; value=runserver(isnull(:check_ttl:check_total, "<blank>") + "\n"); }
			check_ttl_wordify_display_db "report/data" { xpos=3; ypos=9.75; value=runserver("*** " + isnull(:check_ttl:check_total_wordify, "<blank>") + " Dollars ***\n"); }
		}
	} // END - my_form2 "report/form"
	
	
	// CHECK REPORT SECTION HEADER (A)
	check_report_header_a "report/form"
	{
		source = check_one_row_qy,payee_qy,check_ttl;
		crha_text_area "report/area"
		{
			x=0.01;
			y=21;
			height=4; width=80;
			align=left;
			fontsize=10;
			font = times;
			
			crha_payee_check_no_output "report/data" { xpos=2; ypos=2; value = runserver("Check Report                To: " + isnull(:payee_qy:display_name, "<blank>") + " (Payee: " + isnull(:payee_qy:p_partner_key, "<blank>") + ")            Check Total: " + isnull(:check_ttl:check_total, "<blank>") + "              " + isnull(:check_one_row_qy:a_check_number, "<blank>") ); } 
			crha_payee_date_output "report/data" { xpos=68; ypos=3; dateformat="MM/dd/yyyy"; value = runserver(isnull(:check_one_row_qy:a_effective_date, "<blank>")); }  
		}
	} // END - my_form "report/form"
	
	// Line Item Information
	lineitemtable_a "report/table"
	{
		x=5;
		y=25;
		width=80;height=0;
		columns=5;
		widths=13,8,85,54,24;
		colsep=1;
		source=check_qy,acct_cc_name_qy;
		moneyformat = "-$###,###,##0.00";
		//font=hevetica;
		fontsize=8;
		
		li_hdr_a "report/table-row"
		{	
			margintop=0.0;
			marginbottom=0.0;
			header=yes;
			li_CC_header "report/table-cell" { value='CostCtr'; style=bold; align=left; }
			li_AcctCode_header "report/table-cell" { value='Acct'; style=bold; align=left; }
			li_cc_acct_desc_header "report/table-cell" { value='Description'; style=bold; align=left; }
			
			li_Comment_header "report/table-cell" { value='Comment'; style=bold; align=left; }
			li_Amount_header "report/table-cell" { value='Amount'; style=bold; align=right; }
		}
		li_data_a "report/table-row"
		{
			margintop=0.0;
			marginbottom=0.0;
			li_CC_header "report/table-cell" { value=runserver(:check_qy:a_cost_center); style=bold; align=left; }
			li_AcctCode_header "report/table-cell" { value=runserver(:check_qy:a_account_code); style=bold; align=left; }
			li_cc_acct_desc_header "report/table-cell" { value=runserver(substring(isnull(:acct_cc_name_qy:cost_center_description, "<blank>") + " (" + isnull(:acct_cc_name_qy:account_description, "<blank>") + ")", 1, 48)); style=bold; align=left; } //  
			
			li_Comment_header "report/table-cell" { value=runserver(substring(:check_qy:a_comment, 1, 30)); style=bold; align=left; }
			li_Amount_header "report/table-cell" { value=runserver(:check_qy:a_amount); style=bold; align=right; }
		}
		
	} // END - lineitemtable_a "report/table"
	
	// CHECK REPORT SECTION HEADER (B)
	check_report_header_b "report/form"
	{
		source = check_one_row_qy,payee_qy,check_ttl;
		crhb_text_area "report/area"
		{
			x=0.01;
			y=42;
			height=4; width=80;
			align=left;
			fontsize=10;
			font = times;
			
			crhb_payee_check_no_output "report/data" { xpos=2; ypos=2; value = runserver("Check Report                To: " + isnull(:payee_qy:display_name, "<blank>") + " (" + isnull(:payee_qy:p_partner_key, "<blank>") + ")            Check Total: " + isnull(:check_ttl:check_total, "<blank>") + "              " + isnull(:check_one_row_qy:a_check_number, "<blank>") ); } 
			crhb_payee_date_output "report/data" { xpos=68; ypos=3; dateformat="MM/dd/yyyy"; value = runserver(isnull(:check_one_row_qy:a_effective_date, "<blank>")); }  
			// crhb_void_output
		}
	} // END - my_form "report/form"
	
	// Line Item Information
	lineitemtable_b "report/table"
	{
		x=5;
		y=46;
		width=80;height=0;
		columns=5;
		widths=13,8,85,54,24;
		colsep=1;
		source=check_qy,acct_cc_name_qy;
		moneyformat = "-$###,###,##0.00";
		//font=hevetica;
		fontsize=8;
		
		li_hdr_b "report/table-row"
		{	
			margintop=0.0;
			marginbottom=0.0;
			header=yes;
			li_CC_header "report/table-cell" { value='CostCtr'; style=bold; align=left; }
			li_AcctCode_header "report/table-cell" { value='Acct'; style=bold; align=left; }
			li_cc_acct_desc_header "report/table-cell" { value='Description'; style=bold; align=left; }
			
			li_Comment_header "report/table-cell" { value='Comment'; style=bold; align=left; }
			li_Amount_header "report/table-cell" { value='Amount'; style=bold; align=right; }
		}
		li_data_b "report/table-row"
		{
			margintop=0.0;
			marginbottom=0.0;
			li_CC_header "report/table-cell" { value=runserver(:check_qy:a_cost_center); style=bold; align=left; }
			li_AcctCode_header "report/table-cell" { value=runserver(:check_qy:a_account_code); style=bold; align=left; }
			li_cc_acct_desc_header "report/table-cell" { value=runserver(substring(isnull(:acct_cc_name_qy:cost_center_description, "<blank>") + " (" + isnull(:acct_cc_name_qy:account_description, "<blank>") + ")", 1, 48)); style=bold; align=left; } //  
			
			li_Comment_header "report/table-cell" { value=runserver(substring(:check_qy:a_comment, 1, 30)); style=bold; align=left; }
			li_Amount_header "report/table-cell" { value=runserver(:check_qy:a_amount); style=bold; align=right; }
		}
		
	} // END - lineitemtable_b "report/table"
	
}

