$Version=2$
deposit_detail "system/report"
    {
    title = "Deposit Detail";

    document_format="application/pdf";
    resolution = 300;
    resolution = 300;
    pagewidth=85;
    pageheight=66;
    marginleft=2.5;
    marginright=2.5;
    margintop=3;
    marginbottom=3;

    filename = runserver("deposit_detail_" + :this:period + ".pdf");

    // Parameters for GL Fund Balance
    ledger "report/parameter" { type=string; default=null; }
    period "report/parameter" { type=string; default=runserver( (select first(:a_period) from /apps/kardia/data/Kardia_DB/a_period/rows where :a_summary_only = 0 and datepart(year, :a_end_date) = datepart(year, getdate()) order by :a_start_date) ); }
    batch "report/parameter" { type=integer; default=null; }
    unposted "report/parameter" { type=integer; default=0; }


    ledger_qy "report/query"
	{
	sql = "select * from /apps/kardia/data/Kardia_DB/a_ledger/rows l where :l:a_ledger_number = :this:ledger";
	}


    period_qy "report/query"
	{
	sql = "select * from /apps/kardia/data/Kardia_DB/a_period/rows p where :p:a_ledger_number = :this:ledger and :p:a_period = :this:period";
	}


    // accounting_config.qyp is an EAV pivot of the a_config table
    config_qy "report/query"
	{
	sql = "select * from /apps/kardia/modules/gl/accounting_config.qyp where :a_ledger_number = :this:ledger";
	}


    fromacct_qy "report/query"
	{
	sql = "select * from /apps/kardia/data/Kardia_DB/a_account/rows where :a_account_code = :config_qy:RcptDepFrom and :a_ledger_number = :this:ledger";
	}


    fund_qy "report/query"
	{
	sql = "select * from /apps/kardia/data/Kardia_DB/a_cost_center/rows where :a_cost_center = :config_qy:RcptCashFund and :a_ledger_number = :this:ledger";
	}


    deposit_qy "report/query"
	{
	sql = runserver("
		select
			:b:a_ledger_number,
			:b:a_batch_number,
			:b:a_default_effective_date,
			:b:a_period,
			:b:a_batch_desc,
			:d:a_effective_date,
			:d:a_account_code,
			:d:a_amount,
			:d:a_cash_amount,
			:d:a_num_checks,
			:d:a_posted,
			:d:a_posted_to_gl,
			:d:a_comment,
			:d:s_date_created,
			:d:s_created_by,
			:d:s_date_modified,
			:d:s_modified_by,
			acct_txt = isnull(:a:a_acct_desc, '** INVALID **')
		from
			/apps/kardia/data/Kardia_DB/a_batch/rows b,
			/apps/kardia/data/Kardia_DB/a_subtrx_deposit/rows d,
			/apps/kardia/data/Kardia_DB/a_account/rows a
		where
			:b:a_ledger_number = :this:ledger and
			:b:a_period = :this:period and
			:b:a_batch_number = :this:batch and
			:b:a_origin = 'DE' and
			:d:a_ledger_number = :b:a_ledger_number and
			:d:a_batch_number = :b:a_batch_number and
			:a:a_ledger_number =* :d:a_ledger_number and
			:a:a_account_code =* :d:a_account_code
		");

	sum_total "report/aggregate" { compute="sum(:a_amount)"; reset=0; }
	sum_cash "report/aggregate" { compute="sum(:a_cash_amount)"; reset=0; }
	sum_items "report/aggregate" { compute="sum(:a_num_checks)"; reset=0; }
	}


    // Verify totals against data posted into the general ledger
    gl_qy "report/query"
	{
	sql = runserver("
		select
			a_amount = sum(condition(:t:a_account_code = :deposit_qy:a_account_code, :a_amount, $0)),
			a_src_amount = sum(condition(:t:a_account_code = :fromacct_qy:a_account_code, :a_amount, $0))
		from
			/apps/kardia/data/Kardia_DB/a_transaction/rows t
		where
			:t:a_ledger_number = :this:ledger and
			:t:a_origin = 'DE' and
			:t:a_period = :this:period and
			:t:a_batch_number = :deposit_qy:a_batch_number
			" + condition(:this:unposted, "", "and :t:a_posted = 1") + "
		");
	sum_total "report/aggregate" { compute="sum(:a_amount)"; reset=0; }
	sum_src "report/aggregate" { compute="sum(:a_src_amount)"; reset=0; }
	}


    bank_qy "report/query"
	{
	sql = runserver("
		select
			bank = isnull(first(:bt:p_banking_desc + ', ' + :p:p_org_name + ' #' + :bd:p_bank_account_number), 'n/a')
		from
			/apps/kardia/data/Kardia_DB/p_banking_details/rows bd,
			/apps/kardia/data/Kardia_DB/p_partner/rows p,
			/apps/kardia/data/Kardia_DB/p_banking_type/rows bt
		where
			:bd:a_account_code = :deposit_qy:a_account_code and
			:bd:a_ledger_number = :deposit_qy:a_ledger_number and
			:p:p_partner_key = :bd:p_bank_partner_id and
			:bd:p_banking_type = :bt:p_banking_type
		");
	}


    onerow "report/query" { sql = "select 1"; }


    ledger_form "report/form"
	{
	source = ledger_qy, period_qy, config_qy, fromacct_qy, fund_qy, deposit_qy, gl_qy, bank_qy;

	rpt_title "report/area"
	    {
	    x=0; width=80; height=3;
	    font=helvetica;
	    align=center;
	    t_d1 "report/data" { value = runserver("Deposit Report for " + :ledger_qy:a_ledger_desc + " (" + :ledger_qy:a_ledger_number + ")\n"); }
	    t_d3 "report/data" { value = runserver("For Batch " + :this:batch + " (" + :deposit_qy:a_batch_desc + ") in " + :deposit_qy:a_period + "\n"); }
	    t_d4 "report/data" { value = runserver("Requested by " + user_name() + " on " + getdate() + "\n"); }
	    t_d5 "report/data" { condition=runserver(:this:unposted); value = runserver("*** WARNING:  GL DATA INCLUDES UNPOSTED TRANSACTIONS ***\n"); }
	    }

	table "report/table"
	    {
	    x=0; width=80; height=0;
	    columns=2;
	    widths=15,63;
	    colsep=1.5;
	    source=onerow;
	    topborder=0.1;
	    //bottomborder=0.3;
	    nullformat="-";
	    moneyformat = "###,###,##0.00-";
	    dateformat = "dd-MMM-yyyy";
	    font=helvetica;
	    fontsize=10;

	    dep_ledger "report/table-row"
		{
		l_name   "report/table-cell" { value='Ledger:'; align=right; style=bold; }
		l_depval "report/table-cell" { value=runserver(:this:ledger); }
		}

	    dep_batch "report/table-row"
		{
		b_name   "report/table-cell" { value='Batch:'; align=right; style=bold; }
		b_depval "report/table-cell" { value=runserver('' + :this:batch + ' - ' + :deposit_qy:a_batch_desc); }
		}

	    dep_date "report/table-row"
		{
		d_name   "report/table-cell" { value='Date:'; align=right; style=bold; }
		d_depval "report/table-cell" { value=runserver(:deposit_qy:a_effective_date); }
		}

	    dep_from "report/table-row"
		{
		k_name   "report/table-cell" { value='From:'; align=right; style=bold; }
		k_depval "report/table-cell" { value=runserver(:fromacct_qy:a_account_code + ' - ' + :fromacct_qy:a_acct_desc); }
		}

	    dep_to "report/table-row"
		{
		t_name   "report/table-cell" { value='Into:'; align=right; style=bold; }
		t_depval "report/table-cell" { value=runserver(:deposit_qy:a_account_code + ' - ' + :deposit_qy:acct_txt); }
		}

	    dep_bank "report/table-row"
		{
		k_name   "report/table-cell" { value='Bank Info:'; align=right; style=bold; }
		k_depval "report/table-cell" { value=runserver(:bank_qy:bank); }
		}

	    dep_items "report/table-row"
		{
		i_name   "report/table-cell" { value='# Items:'; align=right; style=bold; }
		i_depval "report/table-cell" { value=runserver(:deposit_qy:a_num_checks); }
		}

	    dep_cash "report/table-row"
		{
		s_name   "report/table-cell" { value='Cash:'; align=right; style=bold; }
		s_depval "report/table-cell" { value=runserver(:deposit_qy:a_cash_amount); }
		}

	    dep_amt "report/table-row"
		{
		a_name   "report/table-cell" { value='Total:'; align=right; style=bold; }
		a_depval "report/table-cell" { value=runserver(:deposit_qy:a_amount); }
		}

	    dep_glamt "report/table-row"
		{
		a_name   "report/table-cell" { value=runserver('GL Acct ' + :deposit_qy:a_account_code + ':'); align=right; style=bold; }
		a_depval "report/table-cell" { value=runserver(:gl_qy:a_amount); }
		}

	    dep_glamt2 "report/table-row"
		{
		a_name   "report/table-cell" { value=runserver('GL Acct ' + :fromacct_qy:a_account_code + ':'); align=right; style=bold; }
		a_depval "report/table-cell" { value=runserver($0 - :gl_qy:a_src_amount); }
		}
	    }
	}
    }
