$Version=2$
gift_receipt "system/report"
    {
    title = "Gift Receipt";
    resolution = 300;
    document_format="application/pdf";

    ledger		"report/parameter"	{ type=string;	default=null; }
    batch_number	"report/parameter"	{ type=integer;	default=null; }
    gift_number		"report/parameter"	{ type=integer;	default=null; }
    receipt_number	"report/parameter"	{ type=string;	default=null; }
    partner_id		"report/parameter"	{ type=string;	default=null; }
    address_full	"report/parameter"	{ type=integer;	default=0; }
    types		"report/parameter"	{ type=string;	default='_'; }

    pagewidth=85;
    pageheight=66;
    marginleft=5;
    marginright=5;
    margintop=3;
    marginbottom=3;

    // Office
    ofckey "report/parameter" { type=string; default=runserver( (select :a_config_value from /apps/kardia/data/Kardia_DB/a_config/rows cfg where :cfg:a_ledger_number = :this:ledger and :cfg:a_config_name = 'OfcPartnerKey') ); }
    ofcloc "report/parameter" { type=string; default=runserver( (select :a_config_value from /apps/kardia/data/Kardia_DB/a_config/rows cfg where :cfg:a_ledger_number = :this:ledger and :cfg:a_config_name = 'OfcRcptLocation') ); }

    // Query to get site information
    site_qy "report/query"
	{
	sql = "	SELECT
			*
		FROM
			OBJECT /apps/kardia/data/Site.struct
		";
	}

    // Get ledger info
    ledger_qy "report/query"
	{
	sql = "	SELECT
			*
		FROM
			/apps/kardia/data/Kardia_DB/a_ledger/rows
		WHERE
			:a_ledger_number = :this:ledger
		";
	}

    // Office name and address
    office_qy "report/query"
	{
	// the use of the aggregate first() is to convert this query into
	// a group, which returns a null row if nothing matches, rather than
	// no rows.
	sql = " SELECT
			p_partner_key = first(:p:p_partner_key),
			acct_name = condition(char_length(rtrim(:p:p_org_name)) > 0, :p:p_org_name, :p:p_given_name + ' ' + :p:p_surname),
			:p:p_org_name,
			:p:p_surname,
			:p:p_given_name,
			:p:p_title,
			:pl:p_in_care_of,
			:pl:p_address_1,
			:pl:p_address_2,
			:pl:p_address_3,
			:pl:p_city,
			:pl:p_state_province,
			:pl:p_postal_code,
			:pl:p_country_code,
			p_country_name = upper(:c:p_country_name),
			:af:p_format
		FROM
			/apps/kardia/data/Kardia_DB/p_partner/rows p,
			/apps/kardia/data/Kardia_DB/p_location/rows pl,
			/apps/kardia/data/Kardia_DB/p_country/rows c,
			/apps/kardia/data/Kardia_DB/p_address_format/rows af
		WHERE
			:p:p_partner_key = :this:ofckey and
			:pl:p_partner_key =* :p:p_partner_key and
			:pl:p_revision_id = 0 and 
			:pl:p_location_id = convert(integer, :this:ofcloc) and
			:c:p_country_code =* :pl:p_country_code and
			:af:p_country_code =* :c:p_country_code and
			:af:p_address_set = 'STANDARD'
		";
	}

    // List of receipts to print
    gifts "report/query"
	{
	sql =  runserver("
		SELECT
			*,
			gift_date = isnull(:a_gift_postmark_date, :a_gift_received_date),
			gift_year = datepart(year,isnull(:a_gift_postmark_date, :a_gift_received_date))
		FROM
			/apps/kardia/data/Kardia_DB/a_subtrx_gift_group/rows
		WHERE 
			" + condition(:this:ledger is null, "", ":a_ledger_number = :this:ledger and") + "
			" + condition(:this:batch_number is null, "", ":a_batch_number = :this:batch_number and") + "
			" + condition(:this:gift_number is null, "", ":a_gift_number = :this:gift_number and") + "
			" + condition(:this:receipt_number is null, "", ":a_receipt_number = :this:receipt_number and") + "
			" + condition(:this:partner_id is null, "", ":p_donor_partner_id = :this:partner_id and") + "
			(:this:types = '_' or :this:types = :a_receipt_desired)
		ORDER BY
			:a_receipt_number");
	}

    thisrcpt_total "report/query"
	{
	sql =  runserver("
		SELECT
			ded_amt = isnull(sum(condition(:i:a_non_tax_deductible = 1, $0, :i:a_amount)),$0),
			nonded_amt = isnull(sum(condition(:i:a_non_tax_deductible = 1, :i:a_amount, $0)),$0)
		FROM
			/apps/kardia/data/Kardia_DB/a_subtrx_gift_group/rows g,
			/apps/kardia/data/Kardia_DB/a_subtrx_gift_item/rows i
		WHERE
			:g:p_donor_partner_id = :gifts:p_donor_partner_id and
			:g:a_ledger_number = :gifts:a_ledger_number and
			:g:a_receipt_number = :gifts:a_receipt_number and
			:i:a_ledger_number = :g:a_ledger_number and
			:i:a_batch_number = :g:a_batch_number and
			:i:a_gift_number = :g:a_gift_number
		");
	}

    ytd_total "report/query"
	{
	sql = runserver("
		SELECT
			ded_amt = isnull(sum(condition(:i:a_non_tax_deductible = 1, $0, :i:a_amount)),$0),
			nonded_amt = isnull(sum(condition(:i:a_non_tax_deductible = 1, :i:a_amount, $0)),$0)
		FROM
			/apps/kardia/data/Kardia_DB/a_subtrx_gift_group/rows g,
			/apps/kardia/data/Kardia_DB/a_subtrx_gift_item/rows i
		WHERE
			:g:p_donor_partner_id = :gifts:p_donor_partner_id and
			:g:a_ledger_number = :gifts:a_ledger_number and
			isnull(:g:a_gift_postmark_date, :g:a_gift_received_date) <= :gifts:gift_date and
			datepart(year, isnull(:g:a_gift_postmark_date, :g:a_gift_received_date)) = datepart(year, :gifts:gift_date) and
			:i:a_ledger_number = :g:a_ledger_number and
			:i:a_batch_number = :g:a_batch_number and
			:i:a_gift_number = :g:a_gift_number
		");
	}

    gift_donor "report/query"
	{
	sql =  "SELECT
			salutation=condition(char_length(:p:p_preferred_name) > 0, :p:p_preferred_name, :p:p_given_name),
			acct_name = condition(char_length(rtrim(:p:p_org_name)) > 0, :p:p_org_name, :p:p_given_name + ' ' + :p:p_surname),
			:p:p_partner_key,
			:p:p_partner_class,
			:p:p_given_name,
			:p:p_surname,
			:p:p_org_name,
			:p:p_title,
			:l:p_in_care_of,
			:l:p_address_1,
			:l:p_address_2,
			:l:p_address_3,
			:l:p_city,
			:l:p_state_province,
			:l:p_postal_code,
			:l:p_country_code,
			p_country_name = upper(:c:p_country_name),
			:af:p_format
		FROM
			/apps/kardia/data/Kardia_DB/p_partner/rows p,
			/apps/kardia/data/Kardia_DB/p_location/rows l,
			/apps/kardia/data/Kardia_DB/p_country/rows c,
			/apps/kardia/data/Kardia_DB/p_address_format/rows af
		WHERE
			:p:p_partner_key = :gifts:p_donor_partner_id and
			:l:p_revision_id = 0 and
			:l:p_partner_key =* :p:p_partner_key and
			:c:p_country_code =* :l:p_country_code and
			:af:p_country_code =* :c:p_country_code and
			:af:p_address_set = 'STANDARD'
		LIMIT 1
		";
	}

    gift_items "report/query"
	{
	sql =  "SELECT
			:i:a_amount,
			:i:a_confidential,
			:i:a_non_tax_deductible,
			:i:a_comment,
			:i:a_motivational_code,
			:i:a_fund,
			:i:a_recv_document_id,
			:cc:a_fund_desc,
			:ra:a_receipt_comment,
			rcptcomm = condition(char_length(rtrim(isnull(:ra:a_receipt_comment,''))) > 0, :ra:a_receipt_comment, :cc:a_fund_desc)
		FROM
			/apps/kardia/data/Kardia_DB/a_subtrx_gift_item/rows i,
			/apps/kardia/data/Kardia_DB/a_fund/rows cc,
			/apps/kardia/data/Kardia_DB/a_fund_receipting_accts/rows ra
		WHERE
			:i:a_ledger_number = :gifts:a_ledger_number and
			:i:a_batch_number = :gifts:a_batch_number and
			:i:a_gift_number = :gifts:a_gift_number and
			:cc:a_ledger_number = :i:a_ledger_number and
			:cc:a_fund = :i:a_fund and
			:ra:a_ledger_number =* :i:a_ledger_number and
			:ra:a_fund =* :i:a_fund and
			:ra:a_account_code =* :i:a_account_code
		ORDER BY
			:i:a_split_number
		";
	}

    each_receipt "report/form"
	{
	source=site_qy, ledger_qy, office_qy, gifts, gift_donor, ytd_total, thisrcpt_total;
	mode=normal;
	ffsep=yes;

	hdrimg "report/image"
	    {
	    x=62.85;y=0;height=4;
	    //width=runserver(4.0 * :site_qy:site_logo_width / :site_qy:site_logo_height);
	    width = 12.15;
	    //source=runserver(:site_qy:site_logo);
	    source = /apps/kardia/data/Site.struct:site_report_logo;
	    }

	rpt_title "report/area"
	    {
	    x=0; y=0; width=80; height=4;
	    font=helvetica;
	    align=left;
	    t_d0 "report/data" { fontsize=15; style=bold; value = runserver("Gift Receipt\n"); }
	    t_d1 "report/data" { fontsize=10; value = runserver("From " + :ledger_qy:a_ledger_desc + "\n"); }
	    //t_d2 "report/data" { fontsize=10; value = runserver("For " + :donor_qy:acct_name + isnull(", " + :donor_qy:p_city + ", " + :donor_qy:p_state_province, "") + "\n"); }
	    t_d3 "report/data" { fontsize=10; value = runserver("Receipt Number: " + :gifts:a_receipt_number + "\n"); }
	    t_d4 "report/data" { fontsize=10; dateformat="dd-MMM-yyyy"; value = runserver("Receipt Date: " +  isnull(:gifts:a_receipt_sent_date, getdate()) + "\n"); }
	    //t_d5 "report/data" { fontsize=8; value = runserver("Printed by: " + user_name() + " on " + getdate() + "\n"); dateformat="dd-MMM-yyyy hh:mm:ss"; }
	    t_d5 "report/data" { fontsize=8; value = runserver("Printed on: " + getdate() + "\n"); dateformat="dd-MMM-yyyy hh:mm:ss"; }
	    }

	addresses "report/area"
	    {
	    x=0; y=7; width=75; height=0;
	    font=helvetica;
	    border=0.03;
	    margintop=0.5;
	    marginbottom=0.5;
	    marginleft=3.0;
	    marginright=3.0;

	    d_d0 "report/data" { fontsize=15; style=bold; value=runserver("Donor #" + :gift_donor:p_partner_key + ":\n"); }
	    d_d1 "report/data" { fontsize=10; value=runserver('\n' + :gift_donor:acct_name + "\n"); }
	    d_d2 "report/data" { fontsize=10; value=runserver(substitute(isnull(:gift_donor:p_format, '[:p_in_care_of]\n[:p_address_1]\n[:p_address_2]\n[:p_address_3]\n[:p_city], [:p_state_province] [:p_postal_code]\n[:p_country_name]'), 'l=gift_donor,p=gift_donor')); }
	    }

	gift_to "report/area"
	    {
	    x=45.5; y=7.5; width=25; height=1;
	    font=helvetica;
	    g_d0 "report/data" { fontsize=15; style=bold; value="Given To:\n"; }
	    g_d1 "report/data" { fontsize=10; value=runserver('\n' + :office_qy:acct_name + "\n"); }
	    g_d2 "report/data" { fontsize=10; value=runserver(substitute(isnull(:office_qy:p_format, '[:p_in_care_of]\n[:p_address_1]\n[:p_address_2]\n[:p_address_3]\n[:p_city], [:p_state_province] [:p_postal_code]\n[:p_country_name]'), 'l=office_qy,p=office_qy')); }
	    }

	pls_retain "report/area"
	    {
	    x=0; y=18; width=75; height=1;
	    font=courier;
	    style=bold;
	    fontsize=9;
	    align=center;
	    pls_retain_txt "report/data" { value='*** GIFT RECEIPT - PLEASE RETAIN FOR YOUR RECORDS ***'; }
	    }

	rcpt_data "report/table"
	    {
	    x=0; y=21; width=75; height=11.8;
	    innerborder=0.05;
	    //outerborder=0;
	    topborder=0.3;
	    bottomborder=0.02;
	    columns=5;
	    widths=7.6,10,8.7,8.7,36.6;
	    //widths=7,10,9,9,26;
	    colsep=0.9;
	    shadow=0;
	    source=gift_items;

	    rcpt_data_hdr "report/table-row"
		{
		font=helvetica;
		fontsize=9;
		header=yes;
		bottomborder=0.05;
		rdh1 "report/table-cell" { value='Check #'; align=center; style=bold; }
		rdh2 "report/table-cell" { value='Gift Date'; align=center; style=bold; }
		rdh3 "report/table-cell" { value='Total Amount'; align=center; style=bold; }
		rdh4 "report/table-cell" { value='Tax Ded. Amt'; align=center; style=bold; }
		rdh5 "report/table-cell" { value='For our Ministry Through:'; align=center; style=bold; }
		}

	    rcpt_data_row "report/table-row"
		{
		font=courier;
		fontsize=9;
		rdr1 "report/table-cell" { value=runserver(:gift_items:a_recv_document_id); align=left; }
		rdr2 "report/table-cell" { value=runserver(isnull(:gifts:a_gift_postmark_date,:gifts:a_gift_received_date)); dateformat="dd-MMM-yyyy"; align=left; }
		rdr3 "report/table-cell" { value=runserver(:gift_items:a_amount); align=right; }
		rdr4 "report/table-cell" { value=runserver(condition(:a_non_tax_deductible == 1, $0, :gift_items:a_amount)); align=right; }
		rdr5 "report/table-cell" { value=runserver(:gift_items:a_fund + ' ' + :gift_items:rcptcomm + condition(:gift_items:a_confidential == 1, " (ANON)", "")); align=left; }
		//rdr5 "report/table-cell" { value=runserver(condition(char_length(isnull(convert(string,:gift_items:desig_code),'')) > 0, isnull('' + condition(:gift_items:anon_gift == 'Y', 'ANON', condition(:gift_items:gl_acct >= 4000, :gift_items:desig_code, 'PERSONAL')) + ' - ' + :gift_items:given_name + ' ' + :gift_items:surname, '(where most needed)'), :gift_items:desig)); align=left; }
		}
	    }

	rcpt_data_summary "report/table"
	    {
	    x=0; y=33; width=75; height=2.5;
	    innerborder=0.05;
	    //outerborder=0;
	    bottomborder=0.3;
	    topborder=0.02;
	    columns=5;
	    widths=7.6,10,8.7,8.7,36.6;
	    colsep=0.9;
	    shadow=0;

	    rcpt_data_summary_row "report/table-row"
		{
		font=courier;
		fontsize=9;
		rds1 "report/table-cell" { value=''; }
		rds2 "report/table-cell" { lineheight=1; value=runserver('TOTAL:\n' + :gifts:gift_year + ' TO DATE:'); align=right; style=bold; }
		rds3 "report/table-cell" { lineheight=1; value=runserver('' + (:thisrcpt_total:ded_amt + :thisrcpt_total:nonded_amt) + '\n' + (:ytd_total:ded_amt + :ytd_total:nonded_amt)); align=right; }
		rds4 "report/table-cell" { lineheight=1; value=runserver('' + :thisrcpt_total:ded_amt + '\n' + :ytd_total:ded_amt); align=right; }
		rds5 "report/table-cell" { value=''; }
		}
	    }

	rcpt_footer "report/area"
	    {
	    x=0; y=55.9; width=75; height=4;
	    font=helvetica;
	    style=italic;
	    fontsize=8;
	    align=full;
	    f1 "report/data" { value='Unless otherwise specified, no goods or services were received by the donor in return for this gift. Thank you for your donation!'; }
	    }
	}
    }

