$Version=2$
batch_balance "system/report"
    {
    title = "GL Batch Summary";

    document_format="application/pdf";
    resolution = 300;
    pagewidth=85;
    pageheight=66;
    marginleft=2.5;
    marginright=2.5;
    margintop=3;
    marginbottom=3;

    // Parameters for GL Batch Balance
    ledger "report/parameter" { type=string; default=null; }
    costctr "report/parameter" { type=string; default=null; }
    batch "report/parameter" { type=integer; default=null; }
    pagesep "report/parameter" { type=integer; default=0; }

    ledger_qy "report/query"
	{
	sql = "select * from /apps/kardia/data/Kardia_DB/a_ledger/rows l where :l:a_ledger_number = :this:ledger";
	}

    accts_qy "report/query"
	{
	sql = runserver("
		select
			:c:a_cost_center,
			:c:a_cc_desc,
			:c:a_bal_cost_center,
			:a:a_account_code,
			:a:a_acct_desc,
			batchbal = sum(:tt:a_amount)
		from
			/apps/kardia/data/Kardia_DB/a_transaction/rows tt,
			/apps/kardia/data/Kardia_DB/a_cost_center/rows c,
			/apps/kardia/data/Kardia_DB/a_account/rows a
		where
			:tt:a_batch_number = :this:batch and
			:tt:a_ledger_number = :this:ledger and
			:tt:a_cost_center = :c:a_cost_center and
			:tt:a_account_code = :a:a_account_code and
			:c:a_ledger_number = :this:ledger and
			:a:a_ledger_number = :this:ledger
			" + condition(:this:costctr is null, '', ' and :c:a_bal_cost_center = :this:costctr') + "
		group by
			:tt:a_cost_center,
			:tt:a_account_code
		");
	bbal_sum "report/aggregate" { compute="sum(:batchbal)"; }
	bbal_sum2 "report/aggregate" { compute="sum(:batchbal)"; }
	}

    ledger_form "report/form"
	{
	source = ledger_qy;

	rpt_title "report/area"
	    {
	    x=0; width=80; height=3;
	    font=helvetica;
	    align=center;
	    t_d1 "report/data" { value = runserver("GL Batch Summary for batch " + :this:batch + ", for " + :ledger_qy:a_ledger_desc + " (" + :ledger_qy:a_ledger_number + ")\n"); }
	    t_d2 "report/data" { value = runserver("Requested by " + user_name() + " on " + getdate() + "\n"); }
	    }

	table "report/table"
	    {
	    x=0; width=80; height=0;
	    columns=4;
	    widths=6,4,58,9;
	    colsep=0.8;
	    source=accts_qy;
	    topborder=0.3;
	    bottomborder=0.3;
	    nullformat="-";

	    tbl_hdr "report/table-row"
		{
		font=helvetica;
		fontsize=8;
		header=yes;
		bottomborder=0.05;
		h_cc "report/table-cell" { value='Cost Ctr'; align=center; style=bold; }
		h_acct "report/table-cell" { value='Acct'; align=center; style=bold; }
		h_desc "report/table-cell" { value='Description'; align=center; style=bold; }
		h_batchbal "report/table-cell" { value='Total'; align=center; style=bold; }
		}

	    tbl_row "report/table-row"
		{
		font=courier;
		fontsize=8;
		marginbottom=0.0;
		d_cc "report/table-cell" { value=runserver(:accts_qy:a_cost_center); align=left; }
		d_acct "report/table-cell" { value=runserver(:accts_qy:a_account_code); align=left; }
		d_desc "report/table-cell" { font=helvetica; value=runserver(:accts_qy:a_cc_desc + " (" + :accts_qy:a_acct_desc + ")"); align=left; }
		d_bbal "report/table-cell" { value=runserver(condition(:accts_qy:batchbal == $0, '-0-', :accts_qy:batchbal)); align=right; }
		}

	    tbl_sum "report/table-row"
		{
		summary=yes;
		summarize_for = runserver(:accts_qy:a_bal_cost_center);
		font=courier;
		fontsize=8;
		topborder=0.05;
		//bottomborder=0.05;
		marginbottom=1.0;
		s_cc "report/table-cell" { value=''; align=left; style=bold; }
		s_acct "report/table-cell" { value=''; align=left; style=bold; }
		s_desc "report/table-cell" { font=helvetica; value=runserver("TOTAL FOR FUND ==>"); align=right; style=bold; }
		s_bbal "report/table-cell" { value=runserver(condition(:accts_qy:bbal_sum2 == $0, '-0-', :accts_qy:bbal_sum)); align=right; style=bold; }
		}
	    }
	}
    }
